<?xml version="1.0" encoding="UTF-8"?>
<!-- Generated by org.testng.reporters.JUnitXMLReporter -->
<testsuite ignored="4" hostname="UMESH-PC" failures="0" tests="1" name="Default test" time="28.365" errors="0" timestamp="2026-01-18T17:47:36 IST">
  <testcase classname="com.shopzone.qa.testcases.LoginTest" name="verifyLoginWithValidCredentials" time="1.822"/>
  <testcase classname="com.shopzone.qa.testcases.LoginTest" name="verifyLoginWithInvalidCredentials" time="0.0">
    <ignored/>
  </testcase> <!-- verifyLoginWithInvalidCredentials -->
  <testcase classname="com.shopzone.qa.testcases.LoginTest" name="verifyLoginWithoutProvidingCredentials" time="0.0">
    <ignored/>
  </testcase> <!-- verifyLoginWithoutProvidingCredentials -->
  <testcase classname="com.shopzone.qa.testcases.LoginTest" name="verifyLoginWithInvalidEmailAndValidPassword" time="0.0">
    <ignored/>
  </testcase> <!-- verifyLoginWithInvalidEmailAndValidPassword -->
  <testcase classname="com.shopzone.qa.testcases.LoginTest" name="verifyLoginWithValidEmailAndInvalidPassword" time="0.0">
    <ignored/>
  </testcase> <!-- verifyLoginWithValidEmailAndInvalidPassword -->
</testsuite> <!-- Default test -->
