<?xml version="1.0" encoding="UTF-8"?>
<!-- Generated by org.testng.reporters.JUnitXMLReporter -->
<testsuite ignored="0" hostname="UMESH-PC" failures="0" tests="9" name="Test" time="311.497" errors="0" timestamp="2026-01-18T17:53:14 IST">
  <testcase classname="com.shopzone.qa.testcases.LoginTest" name="verifyLoginWithValidCredentials" time="8.044"/>
  <testcase classname="com.shopzone.qa.testcases.LoginTest" name="verifyLoginWithInvalidCredentials" time="4.032"/>
  <testcase classname="com.shopzone.qa.testcases.LoginTest" name="verifyLoginWithInvalidEmailAndValidPassword" time="2.427"/>
  <testcase classname="com.shopzone.qa.testcases.LoginTest" name="verifyLoginWithValidEmailAndInvalidPassword" time="3.753"/>
  <testcase classname="com.shopzone.qa.testcases.LoginTest" name="verifyLoginWithoutProvidingCredentials" time="2.53"/>
  <testcase classname="com.shopzone.qa.testcases.RegisterTest" name="verifyRegisteringAnAccountWithMandatoryFields" time="3.184"/>
  <testcase classname="com.shopzone.qa.testcases.RegisterTest" name="verifyRegisteringAccountByProvidingAllFields" time="2.24"/>
  <testcase classname="com.shopzone.qa.testcases.RegisterTest" name="verifyRegisteringAccountWithExistingEmailAddress" time="2.143"/>
  <testcase classname="com.shopzone.qa.testcases.RegisterTest" name="verifyRegisteringAccountWithoutFillingAnyDetails" time="0.463"/>
</testsuite> <!-- Test -->
