<?xml version="1.0" encoding="UTF-8"?>
<testng-results ignored="0" total="9" passed="9" failed="0" skipped="0">
  <reporter-output>
  </reporter-output>
  <suite started-at="2026-01-18T17:48:02 IST" name="Suite" finished-at="2026-01-18T17:53:13 IST" duration-ms="311497">
    <groups>
    </groups>
    <test started-at="2026-01-18T17:48:02 IST" name="Test" finished-at="2026-01-18T17:53:13 IST" duration-ms="311497">
      <class name="com.shopzone.qa.testcases.RegisterTest">
        <test-method is-config="true" signature="setup()[pri:0, instance:com.shopzone.qa.testcases.RegisterTest@8519cb4]" started-at="2026-01-18T17:51:51 IST" name="setup" finished-at="2026-01-18T17:52:07 IST" duration-ms="16294" status="PASS">
          <reporter-output>
          </reporter-output>
        </test-method> <!-- setup -->
        <test-method signature="verifyRegisteringAnAccountWithMandatoryFields()[pri:1, instance:com.shopzone.qa.testcases.RegisterTest@8519cb4]" started-at="2026-01-18T17:52:07 IST" name="verifyRegisteringAnAccountWithMandatoryFields" finished-at="2026-01-18T17:52:11 IST" duration-ms="3184" status="PASS">
          <reporter-output>
          </reporter-output>
        </test-method> <!-- verifyRegisteringAnAccountWithMandatoryFields -->
        <test-method is-config="true" signature="tearDown()[pri:0, instance:com.shopzone.qa.testcases.RegisterTest@8519cb4]" started-at="2026-01-18T17:52:11 IST" name="tearDown" finished-at="2026-01-18T17:52:15 IST" duration-ms="4919" status="PASS">
          <reporter-output>
          </reporter-output>
        </test-method> <!-- tearDown -->
        <test-method is-config="true" signature="setup()[pri:0, instance:com.shopzone.qa.testcases.RegisterTest@8519cb4]" started-at="2026-01-18T17:52:15 IST" name="setup" finished-at="2026-01-18T17:52:34 IST" duration-ms="18760" status="PASS">
          <reporter-output>
          </reporter-output>
        </test-method> <!-- setup -->
        <test-method signature="verifyRegisteringAccountByProvidingAllFields()[pri:2, instance:com.shopzone.qa.testcases.RegisterTest@8519cb4]" started-at="2026-01-18T17:52:34 IST" name="verifyRegisteringAccountByProvidingAllFields" finished-at="2026-01-18T17:52:36 IST" duration-ms="2240" status="PASS">
          <reporter-output>
          </reporter-output>
        </test-method> <!-- verifyRegisteringAccountByProvidingAllFields -->
        <test-method is-config="true" signature="tearDown()[pri:0, instance:com.shopzone.qa.testcases.RegisterTest@8519cb4]" started-at="2026-01-18T17:52:36 IST" name="tearDown" finished-at="2026-01-18T17:52:39 IST" duration-ms="2932" status="PASS">
          <reporter-output>
          </reporter-output>
        </test-method> <!-- tearDown -->
        <test-method is-config="true" signature="setup()[pri:0, instance:com.shopzone.qa.testcases.RegisterTest@8519cb4]" started-at="2026-01-18T17:52:39 IST" name="setup" finished-at="2026-01-18T17:52:54 IST" duration-ms="14870" status="PASS">
          <reporter-output>
          </reporter-output>
        </test-method> <!-- setup -->
        <test-method signature="verifyRegisteringAccountWithExistingEmailAddress()[pri:3, instance:com.shopzone.qa.testcases.RegisterTest@8519cb4]" started-at="2026-01-18T17:52:54 IST" name="verifyRegisteringAccountWithExistingEmailAddress" finished-at="2026-01-18T17:52:56 IST" duration-ms="2143" status="PASS">
          <reporter-output>
          </reporter-output>
        </test-method> <!-- verifyRegisteringAccountWithExistingEmailAddress -->
        <test-method is-config="true" signature="tearDown()[pri:0, instance:com.shopzone.qa.testcases.RegisterTest@8519cb4]" started-at="2026-01-18T17:52:56 IST" name="tearDown" finished-at="2026-01-18T17:52:58 IST" duration-ms="1853" status="PASS">
          <reporter-output>
          </reporter-output>
        </test-method> <!-- tearDown -->
        <test-method is-config="true" signature="setup()[pri:0, instance:com.shopzone.qa.testcases.RegisterTest@8519cb4]" started-at="2026-01-18T17:52:58 IST" name="setup" finished-at="2026-01-18T17:53:13 IST" duration-ms="14430" status="PASS">
          <reporter-output>
          </reporter-output>
        </test-method> <!-- setup -->
        <test-method signature="verifyRegisteringAccountWithoutFillingAnyDetails()[pri:4, instance:com.shopzone.qa.testcases.RegisterTest@8519cb4]" started-at="2026-01-18T17:53:13 IST" name="verifyRegisteringAccountWithoutFillingAnyDetails" finished-at="2026-01-18T17:53:13 IST" duration-ms="463" status="PASS">
          <reporter-output>
          </reporter-output>
        </test-method> <!-- verifyRegisteringAccountWithoutFillingAnyDetails -->
        <test-method is-config="true" signature="tearDown()[pri:0, instance:com.shopzone.qa.testcases.RegisterTest@8519cb4]" started-at="2026-01-18T17:53:13 IST" name="tearDown" finished-at="2026-01-18T17:53:13 IST" duration-ms="240" status="PASS">
          <reporter-output>
          </reporter-output>
        </test-method> <!-- tearDown -->
      </class> <!-- com.shopzone.qa.testcases.RegisterTest -->
      <class name="com.shopzone.qa.testcases.LoginTest">
        <test-method is-config="true" signature="setup()[pri:0, instance:com.shopzone.qa.testcases.LoginTest@1530c739]" started-at="2026-01-18T17:48:02 IST" name="setup" finished-at="2026-01-18T17:48:36 IST" duration-ms="33813" status="PASS">
          <reporter-output>
          </reporter-output>
        </test-method> <!-- setup -->
        <test-method signature="verifyLoginWithValidCredentials()[pri:1, instance:com.shopzone.qa.testcases.LoginTest@1530c739]" started-at="2026-01-18T17:48:36 IST" name="verifyLoginWithValidCredentials" finished-at="2026-01-18T17:48:44 IST" duration-ms="8044" status="PASS">
          <reporter-output>
          </reporter-output>
        </test-method> <!-- verifyLoginWithValidCredentials -->
        <test-method is-config="true" signature="teatDown()[pri:0, instance:com.shopzone.qa.testcases.LoginTest@1530c739]" started-at="2026-01-18T17:48:44 IST" name="teatDown" finished-at="2026-01-18T17:48:45 IST" duration-ms="863" status="PASS">
          <reporter-output>
          </reporter-output>
        </test-method> <!-- teatDown -->
        <test-method is-config="true" signature="setup()[pri:0, instance:com.shopzone.qa.testcases.LoginTest@1530c739]" started-at="2026-01-18T17:48:45 IST" name="setup" finished-at="2026-01-18T17:49:37 IST" duration-ms="51470" status="PASS">
          <reporter-output>
          </reporter-output>
        </test-method> <!-- setup -->
        <test-method signature="verifyLoginWithInvalidCredentials()[pri:2, instance:com.shopzone.qa.testcases.LoginTest@1530c739]" started-at="2026-01-18T17:49:37 IST" name="verifyLoginWithInvalidCredentials" finished-at="2026-01-18T17:49:41 IST" duration-ms="4032" status="PASS">
          <reporter-output>
          </reporter-output>
        </test-method> <!-- verifyLoginWithInvalidCredentials -->
        <test-method is-config="true" signature="teatDown()[pri:0, instance:com.shopzone.qa.testcases.LoginTest@1530c739]" started-at="2026-01-18T17:49:41 IST" name="teatDown" finished-at="2026-01-18T17:49:43 IST" duration-ms="2356" status="PASS">
          <reporter-output>
          </reporter-output>
        </test-method> <!-- teatDown -->
        <test-method is-config="true" signature="setup()[pri:0, instance:com.shopzone.qa.testcases.LoginTest@1530c739]" started-at="2026-01-18T17:49:43 IST" name="setup" finished-at="2026-01-18T17:50:13 IST" duration-ms="30058" status="PASS">
          <reporter-output>
          </reporter-output>
        </test-method> <!-- setup -->
        <test-method signature="verifyLoginWithInvalidEmailAndValidPassword()[pri:3, instance:com.shopzone.qa.testcases.LoginTest@1530c739]" started-at="2026-01-18T17:50:13 IST" name="verifyLoginWithInvalidEmailAndValidPassword" finished-at="2026-01-18T17:50:15 IST" duration-ms="2427" status="PASS">
          <reporter-output>
          </reporter-output>
        </test-method> <!-- verifyLoginWithInvalidEmailAndValidPassword -->
        <test-method is-config="true" signature="teatDown()[pri:0, instance:com.shopzone.qa.testcases.LoginTest@1530c739]" started-at="2026-01-18T17:50:15 IST" name="teatDown" finished-at="2026-01-18T17:50:20 IST" duration-ms="4372" status="PASS">
          <reporter-output>
          </reporter-output>
        </test-method> <!-- teatDown -->
        <test-method is-config="true" signature="setup()[pri:0, instance:com.shopzone.qa.testcases.LoginTest@1530c739]" started-at="2026-01-18T17:50:20 IST" name="setup" finished-at="2026-01-18T17:50:58 IST" duration-ms="38653" status="PASS">
          <reporter-output>
          </reporter-output>
        </test-method> <!-- setup -->
        <test-method signature="verifyLoginWithValidEmailAndInvalidPassword()[pri:4, instance:com.shopzone.qa.testcases.LoginTest@1530c739]" started-at="2026-01-18T17:50:58 IST" name="verifyLoginWithValidEmailAndInvalidPassword" finished-at="2026-01-18T17:51:02 IST" duration-ms="3753" status="PASS">
          <reporter-output>
          </reporter-output>
        </test-method> <!-- verifyLoginWithValidEmailAndInvalidPassword -->
        <test-method is-config="true" signature="teatDown()[pri:0, instance:com.shopzone.qa.testcases.LoginTest@1530c739]" started-at="2026-01-18T17:51:02 IST" name="teatDown" finished-at="2026-01-18T17:51:16 IST" duration-ms="13942" status="PASS">
          <reporter-output>
          </reporter-output>
        </test-method> <!-- teatDown -->
        <test-method is-config="true" signature="setup()[pri:0, instance:com.shopzone.qa.testcases.LoginTest@1530c739]" started-at="2026-01-18T17:51:16 IST" name="setup" finished-at="2026-01-18T17:51:47 IST" duration-ms="31337" status="PASS">
          <reporter-output>
          </reporter-output>
        </test-method> <!-- setup -->
        <test-method signature="verifyLoginWithoutProvidingCredentials()[pri:5, instance:com.shopzone.qa.testcases.LoginTest@1530c739]" started-at="2026-01-18T17:51:47 IST" name="verifyLoginWithoutProvidingCredentials" finished-at="2026-01-18T17:51:50 IST" duration-ms="2530" status="PASS">
          <reporter-output>
          </reporter-output>
        </test-method> <!-- verifyLoginWithoutProvidingCredentials -->
        <test-method is-config="true" signature="teatDown()[pri:0, instance:com.shopzone.qa.testcases.LoginTest@1530c739]" started-at="2026-01-18T17:51:50 IST" name="teatDown" finished-at="2026-01-18T17:51:51 IST" duration-ms="1059" status="PASS">
          <reporter-output>
          </reporter-output>
        </test-method> <!-- teatDown -->
      </class> <!-- com.shopzone.qa.testcases.LoginTest -->
    </test> <!-- Test -->
  </suite> <!-- Suite -->
</testng-results>
