<?xml version="1.0" encoding="UTF-8"?>
<!-- Generated by org.testng.reporters.JUnitReportReporter -->
<testsuite hostname="UMESH-PC" failures="0" tests="4" name="com.shopzone.qa.testcases.RegisterTest" time="82.328" errors="0" timestamp="2026-01-18T17:53:16 IST" skipped="0">
  <testcase classname="com.shopzone.qa.testcases.RegisterTest" name="verifyRegisteringAnAccountWithMandatoryFields" time="21.331"/>
  <testcase classname="com.shopzone.qa.testcases.RegisterTest" name="verifyRegisteringAccountByProvidingAllFields" time="23.932"/>
  <testcase classname="com.shopzone.qa.testcases.RegisterTest" name="verifyRegisteringAccountWithExistingEmailAddress" time="21.932"/>
  <testcase classname="com.shopzone.qa.testcases.RegisterTest" name="verifyRegisteringAccountWithoutFillingAnyDetails" time="15.133"/>
</testsuite> <!-- com.shopzone.qa.testcases.RegisterTest -->
