<?xml version="1.0" encoding="UTF-8"?>
<!-- Generated by org.testng.reporters.JUnitReportReporter -->
<testsuite hostname="UMESH-PC" failures="0" tests="4" name="com.shopzone.qa.testcases.RegisterTest" time="158.721" errors="0" timestamp="2026-01-16T00:25:14 IST" skipped="0">
  <testcase classname="com.shopzone.qa.testcases.RegisterTest" name="verifyRegisteringAnAccountWithMandatoryFields" time="66.480"/>
  <testcase classname="com.shopzone.qa.testcases.RegisterTest" name="verifyRegisteringAccountByProvidingAllFields" time="36.539"/>
  <testcase classname="com.shopzone.qa.testcases.RegisterTest" name="verifyRegisteringAccountWithExistingEmailAddress" time="31.969"/>
  <testcase classname="com.shopzone.qa.testcases.RegisterTest" name="verifyRegisteringAccountWithoutFillingAnyDetails" time="23.733"/>
</testsuite> <!-- com.shopzone.qa.testcases.RegisterTest -->
