<?xml version="1.0" encoding="UTF-8"?>
<!-- Generated by org.testng.reporters.JUnitReportReporter -->
<testsuite hostname="UMESH-PC" failures="0" tests="5" name="com.shopzone.qa.testcases.LoginTest" time="228.709" errors="0" timestamp="2026-01-18T17:53:16 IST" skipped="0">
  <testcase classname="com.shopzone.qa.testcases.LoginTest" name="verifyLoginWithValidCredentials" time="55.799"/>
  <testcase classname="com.shopzone.qa.testcases.LoginTest" name="verifyLoginWithInvalidCredentials" time="35.149"/>
  <testcase classname="com.shopzone.qa.testcases.LoginTest" name="verifyLoginWithInvalidEmailAndValidPassword" time="56.253"/>
  <testcase classname="com.shopzone.qa.testcases.LoginTest" name="verifyLoginWithValidEmailAndInvalidPassword" time="46.778"/>
  <testcase classname="com.shopzone.qa.testcases.LoginTest" name="verifyLoginWithoutProvidingCredentials" time="34.730"/>
</testsuite> <!-- com.shopzone.qa.testcases.LoginTest -->
